     1                                      section .text
     2                                      global reversedig2
     3                                  reversedig2:
     4 00000000 55                          push ebp
     5 00000001 89E5                        mov ebp, esp
     6                                  
     7 00000003 53                          push ebx
     8 00000004 56                          push esi
     9 00000005 51                          push ecx
    10 00000006 57                          push edi
    11                                  
    12 00000007 8B4508                      mov eax, [ebp + 8] ;reader normal
    13                                  
    14 0000000A B100                        mov cl, 0 ;counter of digits
    15 0000000C B500                        mov ch, 0 ;counter of letter
    16                                  
    17                                  count:
    18                                  
    19 0000000E 8A18                        mov bl, [eax]
    20 00000010 40                          inc eax
    21 00000011 80C501                      add ch, 1
    22 00000014 84DB                        test bl, bl
    23 00000016 740F                        jz reset
    24 00000018 80FB30                      cmp bl, '0'
    25 0000001B 72F1                        jb count
    26                                  
    27 0000001D 80FB39                      cmp bl, '9'
    28 00000020 77EC                        ja count
    29                                  
    30 00000022 80C101                      add cl, 1
    31 00000025 EBE7                        jmp count
    32                                  
    33                                  reset:
    34 00000027 31C0                        xor eax, eax
    35 00000029 88EE                        mov dh, ch
    36 0000002B 88CA                        mov dl, cl
    37                                  
    38 0000002D 0FB6C6                      movzx eax, dh
    39                                  
    40 00000030 8B7D08                      mov edi, [ebp + 8] ;writer back
    41 00000033 01C7                        add edi, eax
    42 00000035 8B4508                      mov eax, [ebp + 8]
    43                                  start:
    44                                  
    45 00000038 8A18                        mov bl, [eax] ;first read pointer
    46 0000003A 40                          inc eax
    47                                  
    48 0000003B 80FA01                      cmp dl, 1
    49 0000003E 762E                        jbe end
    50                                  
    51 00000040 80FB30                      cmp bl, '0'
    52 00000043 721F                        jb write_letter_front
    53                                  
    54 00000045 80FB39                      cmp bl, '9'
    55 00000048 7F1A                        jg write_letter_front
    56                                  
    57                                                              ;digit from front
    58                                  start_back:
    59 0000004A 8A3F                        mov bh, [edi] ;back read pointer
    60 0000004C 4F                          dec edi
    61                                  
    62 0000004D 80FF30                      cmp bh, '0'
    63 00000050 7217                        jb write_letter_back
    64                                  
    65 00000052 80FF39                      cmp bh, '9'
    66 00000055 7F12                        jg write_letter_back
    67                                                              ;dgit from back
    68                                  
    69                                  switch:
    70 00000057 885F01                      mov [edi + 1], bl
    71 0000005A 4F                          dec edi
    72 0000005B 8878FF                      mov [eax - 1], bh
    73 0000005E 40                          inc eax
    74 0000005F 80EA02                      sub dl, 2
    75 00000062 EBD4                        jmp start
    76                                  
    77                                  write_letter_front:
    78 00000064 8858FF                      mov [eax - 1], bl
    79 00000067 EBCF                        jmp start
    80                                  
    81                                  write_letter_back:
    82 00000069 887F01                      mov [edi + 1], bh
    83 0000006C EBDC                        jmp start_back
    84                                  
    85                                  end:
    86 0000006E 8B4508                      mov eax, [ebp + 8]
    87                                  
    88 00000071 5F                          pop edi
    89 00000072 59                          pop ecx
    90 00000073 5E                          pop esi
    91 00000074 5B                          pop ebx
    92                                  
    93 00000075 5D                          pop ebp
    94 00000076 C3                          ret
